0 info it worked if it ends with ok
1 verbose cli [ 'C:\\Program Files\\nodejs\\node.exe',
1 verbose cli   'C:\\Program Files\\nodejs\\node_modules\\npm\\bin\\npm-cli.js',
1 verbose cli   'install',
1 verbose cli   '--scripts-prepend-node-path=auto' ]
2 info using npm@3.10.10
3 info using node@v6.11.1
4 silly loadCurrentTree Starting
5 silly install loadCurrentTree
6 silly install readLocalPackageData
7 silly install normalizeTree
8 silly loadCurrentTree Finishing
9 silly loadIdealTree Starting
10 silly install loadIdealTree
11 silly cloneCurrentTree Starting
12 silly install cloneCurrentTreeToIdealTree
13 silly cloneCurrentTree Finishing
14 silly loadShrinkwrap Starting
15 silly install loadShrinkwrap
16 silly loadShrinkwrap Finishing
17 silly loadAllDepsIntoIdealTree Starting
18 silly install loadAllDepsIntoIdealTree
19 silly fetchNamedPackageData jekyll
20 silly mapToRegistry name jekyll
21 silly mapToRegistry using default registry
22 silly mapToRegistry registry https://registry.npm.taobao.org/
23 silly mapToRegistry data Result {
23 silly mapToRegistry   raw: 'jekyll',
23 silly mapToRegistry   scope: null,
23 silly mapToRegistry   escapedName: 'jekyll',
23 silly mapToRegistry   name: 'jekyll',
23 silly mapToRegistry   rawSpec: '',
23 silly mapToRegistry   spec: 'latest',
23 silly mapToRegistry   type: 'tag' }
24 silly mapToRegistry uri https://registry.npm.taobao.org/jekyll
25 silly fetchNamedPackageData lessc
26 silly mapToRegistry name lessc
27 silly mapToRegistry using default registry
28 silly mapToRegistry registry https://registry.npm.taobao.org/
29 silly mapToRegistry data Result {
29 silly mapToRegistry   raw: 'lessc',
29 silly mapToRegistry   scope: null,
29 silly mapToRegistry   escapedName: 'lessc',
29 silly mapToRegistry   name: 'lessc',
29 silly mapToRegistry   rawSpec: '',
29 silly mapToRegistry   spec: 'latest',
29 silly mapToRegistry   type: 'tag' }
30 silly mapToRegistry uri https://registry.npm.taobao.org/lessc
31 verbose request uri https://registry.npm.taobao.org/jekyll
32 verbose request no auth needed
33 info attempt registry request try #1 at 10:57:33
34 verbose request id 5e629d824ee991be
35 http request GET https://registry.npm.taobao.org/jekyll
36 verbose request uri https://registry.npm.taobao.org/lessc
37 verbose request no auth needed
38 info attempt registry request try #1 at 10:57:33
39 http request GET https://registry.npm.taobao.org/lessc
40 http 200 https://registry.npm.taobao.org/jekyll
41 verbose headers { date: 'Thu, 27 Jul 2017 02:57:34 GMT',
41 verbose headers   'content-type': 'application/json; charset=utf-8',
41 verbose headers   'content-length': '4477',
41 verbose headers   connection: 'keep-alive',
41 verbose headers   'x-current-requests': '1',
41 verbose headers   etag: '"117d-jcOg6XUF7PSKq9od17xV83YyS7E"',
41 verbose headers   'x-readtime': '82' }
42 silly get cb [ 200,
42 silly get   { date: 'Thu, 27 Jul 2017 02:57:34 GMT',
42 silly get     'content-type': 'application/json; charset=utf-8',
42 silly get     'content-length': '4477',
42 silly get     connection: 'keep-alive',
42 silly get     'x-current-requests': '1',
42 silly get     etag: '"117d-jcOg6XUF7PSKq9od17xV83YyS7E"',
42 silly get     'x-readtime': '82' } ]
43 verbose get saving jekyll to C:\Users\dell\AppData\Roaming\npm-cache\registry.npm.taobao.org\jekyll\.cache.json
44 verbose correctMkdir C:\Users\dell\AppData\Roaming\npm-cache correctMkdir not in flight; initializing
45 silly fetchPackageMetaData Error: No compatible version found: jekyll@1.0.2
45 silly fetchPackageMetaData Valid install targets:
45 silly fetchPackageMetaData 3.0.0-beta1
45 silly fetchPackageMetaData
45 silly fetchPackageMetaData     at pickVersionFromRegistryDocument (C:\Program Files\nodejs\node_modules\npm\lib\fetch-package-metadata.js:178:16)
45 silly fetchPackageMetaData     at C:\Program Files\nodejs\node_modules\npm\node_modules\iferr\index.js:13:50
45 silly fetchPackageMetaData     at C:\Program Files\nodejs\node_modules\npm\lib\utils\pulse-till-done.js:20:8
45 silly fetchPackageMetaData     at saved (C:\Program Files\nodejs\node_modules\npm\lib\cache\caching-client.js:174:7)
45 silly fetchPackageMetaData     at C:\Program Files\nodejs\node_modules\npm\node_modules\graceful-fs\polyfills.js:241:18
45 silly fetchPackageMetaData     at FSReqWrap.oncomplete (fs.js:123:15)
45 silly fetchPackageMetaData  error for jekyll@1.0.2 { Error: No compatible version found: jekyll@1.0.2
45 silly fetchPackageMetaData Valid install targets:
45 silly fetchPackageMetaData 3.0.0-beta1
45 silly fetchPackageMetaData
45 silly fetchPackageMetaData     at pickVersionFromRegistryDocument (C:\Program Files\nodejs\node_modules\npm\lib\fetch-package-metadata.js:178:16)
45 silly fetchPackageMetaData     at C:\Program Files\nodejs\node_modules\npm\node_modules\iferr\index.js:13:50
45 silly fetchPackageMetaData     at C:\Program Files\nodejs\node_modules\npm\lib\utils\pulse-till-done.js:20:8
45 silly fetchPackageMetaData     at saved (C:\Program Files\nodejs\node_modules\npm\lib\cache\caching-client.js:174:7)
45 silly fetchPackageMetaData     at C:\Program Files\nodejs\node_modules\npm\node_modules\graceful-fs\polyfills.js:241:18
45 silly fetchPackageMetaData     at FSReqWrap.oncomplete (fs.js:123:15) code: 'ETARGET' }
46 http 404 https://registry.npm.taobao.org/lessc
47 verbose headers { 'content-type': 'application/json',
47 verbose headers   'cache-control': 'max-age=0',
47 verbose headers   'content-length': '2',
47 verbose headers   'accept-ranges': 'bytes',
47 verbose headers   date: 'Thu, 27 Jul 2017 02:57:36 GMT',
47 verbose headers   via: '1.1 varnish',
47 verbose headers   age: '0',
47 verbose headers   connection: 'keep-alive',
47 verbose headers   'x-served-by': 'cache-lax8647-LAX',
47 verbose headers   'x-cache': 'MISS',
47 verbose headers   'x-cache-hits': '0',
47 verbose headers   'x-timer': 'S1501124256.779717,VS0,VE329',
47 verbose headers   vary: 'Accept-Encoding' }
48 silly get cb [ 404,
48 silly get   { 'content-type': 'application/json',
48 silly get     'cache-control': 'max-age=0',
48 silly get     'content-length': '2',
48 silly get     'accept-ranges': 'bytes',
48 silly get     date: 'Thu, 27 Jul 2017 02:57:36 GMT',
48 silly get     via: '1.1 varnish',
48 silly get     age: '0',
48 silly get     connection: 'keep-alive',
48 silly get     'x-served-by': 'cache-lax8647-LAX',
48 silly get     'x-cache': 'MISS',
48 silly get     'x-cache-hits': '0',
48 silly get     'x-timer': 'S1501124256.779717,VS0,VE329',
48 silly get     vary: 'Accept-Encoding' } ]
49 silly fetchPackageMetaData Error: Registry returned 404 for GET on https://registry.npm.taobao.org/lessc
49 silly fetchPackageMetaData     at makeError (C:\Program Files\nodejs\node_modules\npm\node_modules\npm-registry-client\lib\request.js:302:12)
49 silly fetchPackageMetaData     at CachingRegistryClient.<anonymous> (C:\Program Files\nodejs\node_modules\npm\node_modules\npm-registry-client\lib\request.js:280:14)
49 silly fetchPackageMetaData     at Request._callback (C:\Program Files\nodejs\node_modules\npm\node_modules\npm-registry-client\lib\request.js:210:14)
49 silly fetchPackageMetaData     at Request.self.callback (C:\Program Files\nodejs\node_modules\npm\node_modules\request\request.js:187:22)
49 silly fetchPackageMetaData     at emitTwo (events.js:106:13)
49 silly fetchPackageMetaData     at Request.emit (events.js:191:7)
49 silly fetchPackageMetaData     at Request.<anonymous> (C:\Program Files\nodejs\node_modules\npm\node_modules\request\request.js:1048:10)
49 silly fetchPackageMetaData     at emitOne (events.js:96:13)
49 silly fetchPackageMetaData     at Request.emit (events.js:188:7)
49 silly fetchPackageMetaData     at IncomingMessage.<anonymous> (C:\Program Files\nodejs\node_modules\npm\node_modules\request\request.js:969:12)
49 silly fetchPackageMetaData  error for lessc@1.3.3 { Error: Registry returned 404 for GET on https://registry.npm.taobao.org/lessc
49 silly fetchPackageMetaData     at makeError (C:\Program Files\nodejs\node_modules\npm\node_modules\npm-registry-client\lib\request.js:302:12)
49 silly fetchPackageMetaData     at CachingRegistryClient.<anonymous> (C:\Program Files\nodejs\node_modules\npm\node_modules\npm-registry-client\lib\request.js:280:14)
49 silly fetchPackageMetaData     at Request._callback (C:\Program Files\nodejs\node_modules\npm\node_modules\npm-registry-client\lib\request.js:210:14)
49 silly fetchPackageMetaData     at Request.self.callback (C:\Program Files\nodejs\node_modules\npm\node_modules\request\request.js:187:22)
49 silly fetchPackageMetaData     at emitTwo (events.js:106:13)
49 silly fetchPackageMetaData     at Request.emit (events.js:191:7)
49 silly fetchPackageMetaData     at Request.<anonymous> (C:\Program Files\nodejs\node_modules\npm\node_modules\request\request.js:1048:10)
49 silly fetchPackageMetaData     at emitOne (events.js:96:13)
49 silly fetchPackageMetaData     at Request.emit (events.js:188:7)
49 silly fetchPackageMetaData     at IncomingMessage.<anonymous> (C:\Program Files\nodejs\node_modules\npm\node_modules\request\request.js:969:12) pkgid: 'lessc', statusCode: 404, code: 'E404' }
50 silly rollbackFailedOptional Starting
51 silly rollbackFailedOptional Finishing
52 silly runTopLevelLifecycles Finishing
53 silly install printInstalled
54 verbose stack Error: No compatible version found: jekyll@1.0.2
54 verbose stack Valid install targets:
54 verbose stack 3.0.0-beta1
54 verbose stack
54 verbose stack     at pickVersionFromRegistryDocument (C:\Program Files\nodejs\node_modules\npm\lib\fetch-package-metadata.js:178:16)
54 verbose stack     at C:\Program Files\nodejs\node_modules\npm\node_modules\iferr\index.js:13:50
54 verbose stack     at C:\Program Files\nodejs\node_modules\npm\lib\utils\pulse-till-done.js:20:8
54 verbose stack     at saved (C:\Program Files\nodejs\node_modules\npm\lib\cache\caching-client.js:174:7)
54 verbose stack     at C:\Program Files\nodejs\node_modules\npm\node_modules\graceful-fs\polyfills.js:241:18
54 verbose stack     at FSReqWrap.oncomplete (fs.js:123:15)
55 verbose cwd E:\gc_webstorm\supnuevo\build\Font-Awesome-3.2.1
56 error Windows_NT 10.0.14393
57 error argv "C:\\Program Files\\nodejs\\node.exe" "C:\\Program Files\\nodejs\\node_modules\\npm\\bin\\npm-cli.js" "install" "--scripts-prepend-node-path=auto"
58 error node v6.11.1
59 error npm  v3.10.10
60 error code ETARGET
61 error notarget No compatible version found: jekyll@1.0.2
61 error notarget Valid install targets:
61 error notarget 3.0.0-beta1
62 error notarget This is most likely not a problem with npm itself.
62 error notarget In most cases you or one of your dependencies are requesting
62 error notarget a package version that doesn't exist.
62 error notarget
62 error notarget It was specified as a dependency of 'font-awesome'
63 verbose exit [ 1, true ]
